2026-05-05T10:27:19.834Z - User logged in: ID=1, Email=shoab542@gmail.com
2026-05-05T10:27:19.839Z - jwt is not defined | POST /auth/login
2026-05-05T10:27:55.257Z - User logged in: ID=1, Email=shoab542@gmail.com
2026-05-05T10:36:03.647Z - User logged in: ID=1, Email=shoab542@gmail.com
2026-05-05T10:41:06.667Z - Login failed: string
2026-05-05T10:41:06.668Z - Invalid credentials | POST /auth/login
2026-05-05T10:41:09.290Z - Login failed: string
2026-05-05T10:41:09.292Z - Invalid credentials | POST /auth/login
2026-05-05T10:41:09.857Z - Login failed: string
2026-05-05T10:41:09.858Z - Invalid credentials | POST /auth/login
2026-05-06T06:26:44.725Z - Task not Found | DELETE /tasks/30
2026-05-06T06:37:17.250Z - Only image files allowed | POST /tasks
2026-05-06T07:03:13.100Z - Cannot destructure property 'title' of 'req.body' as it is undefined. | PUT /tasks/34
2026-05-06T07:03:43.664Z - Cannot destructure property 'title' of 'req.body' as it is undefined. | PUT /tasks/34
2026-05-06T07:03:47.158Z - Cannot destructure property 'title' of 'req.body' as it is undefined. | PUT /tasks/34
2026-05-06T07:03:55.740Z - Cannot destructure property 'title' of 'req.body' as it is undefined. | PUT /tasks/34
2026-05-06T07:06:03.183Z - Cannot destructure property 'title' of 'req.body' as it is undefined. | PUT /tasks/34
2026-05-06T07:06:13.807Z - Cannot destructure property 'title' of 'req.body' as it is undefined. | PUT /tasks/34
2026-05-06T07:07:46.372Z - Cannot destructure property 'title' of 'req.body' as it is undefined. | PUT /tasks/34
2026-05-06T07:08:24.593Z - Cannot destructure property 'title' of 'req.body' as it is undefined. | PUT /tasks/34
2026-05-06T07:08:39.631Z - Cannot destructure property 'title' of 'req.body' as it is undefined. | PUT /tasks/34
2026-05-06T07:08:51.027Z - Cannot destructure property 'title' of 'req.body' as it is undefined. | PUT /tasks/34
2026-05-06T07:09:06.981Z - Cannot destructure property 'title' of 'req.body' as it is undefined. | PUT /tasks/34
2026-05-06T07:11:01.430Z - Cannot destructure property 'title' of 'req.body' as it is undefined. | PUT /tasks/34
2026-05-06T07:15:42.088Z - Task not Found | PUT /tasks/90
2026-05-06T07:15:58.698Z - Task not Found | PUT /tasks/90
2026-05-06T07:21:27.737Z - Task not Found | PUT /tasks/90
2026-05-06T07:21:54.244Z - Task not Found | PUT /tasks/90
2026-05-06T07:27:11.288Z - Task not Found | PUT /tasks/90
2026-05-06T10:42:13.592Z - jwt expired | PUT /tasks/35
2026-05-06T10:42:58.621Z - User logged in: ID=1, Email=shoab542@gmail.com
2026-05-06T10:43:48.298Z - Task not Found | PUT /tasks/90
2026-05-06T10:43:57.281Z - Task not Found | PUT /tasks/90
2026-05-06T10:44:02.659Z - Task not Found | PUT /tasks/90
2026-05-07T07:07:45.237Z - User logged in: ID=1, Email=shoab542@gmail.com
2026-05-07T07:11:13.918Z - Task not Found | PUT /tasks/90
2026-05-10T03:58:34.973Z - jwt expired | GET /tasks
2026-05-10T03:59:19.340Z - User logged in: ID=1, Email=shoab542@gmail.com
2026-05-10T03:59:45.177Z - Cannot destructure property 'title' of 'req.body' as it is undefined. | POST /tasks
2026-05-10T04:01:10.235Z - Cannot destructure property 'title' of 'req.body' as it is undefined. | POST /tasks
2026-05-10T06:03:44.273Z - Token not found | POST /tasks
2026-05-10T06:04:13.738Z - User logged in: ID=1, Email=shoab542@gmail.com
2026-05-10T10:07:01.996Z - Cannot set property query of #<IncomingMessage> which has only a getter | GET /tasks?page=1&page=5&limit=50
2026-05-10T10:07:15.177Z - Cannot set property query of #<IncomingMessage> which has only a getter | GET /tasks?page=1&limit=50
2026-05-10T10:07:16.912Z - Cannot set property query of #<IncomingMessage> which has only a getter | GET /tasks?page=1&limit=50
2026-05-10T10:07:24.361Z - Cannot set property query of #<IncomingMessage> which has only a getter | GET /tasks?page=1&limit=50
2026-05-10T10:07:57.418Z - Cannot set property query of #<IncomingMessage> which has only a getter | GET /tasks?page=1&limit=13
2026-05-10T10:08:04.613Z - Cannot set property query of #<IncomingMessage> which has only a getter | GET /tasks?page=1&limit=12
2026-05-10T10:08:07.307Z - Cannot set property query of #<IncomingMessage> which has only a getter | GET /tasks?page=1&limit=11
2026-05-10T10:08:12.091Z - Cannot set property query of #<IncomingMessage> which has only a getter | GET /tasks?page=1&limit=10
2026-05-10T10:08:14.692Z - Cannot set property query of #<IncomingMessage> which has only a getter | GET /tasks?page=1&limit=9
2026-05-10T10:08:19.211Z - Cannot set property query of #<IncomingMessage> which has only a getter | GET /tasks?page=1&limit=8
2026-05-10T10:08:23.232Z - Cannot set property query of #<IncomingMessage> which has only a getter | GET /tasks?page=1&limit=1
2026-05-10T10:11:43.596Z - Cannot set property query of #<IncomingMessage> which has only a getter | GET /tasks?page=1&limit=1
2026-05-10T10:11:45.364Z - Cannot set property query of #<IncomingMessage> which has only a getter | GET /tasks?page=1&limit=1
2026-05-10T10:11:46.318Z - Cannot set property query of #<IncomingMessage> which has only a getter | GET /tasks?page=1&limit=1
2026-05-10T10:11:51.204Z - Cannot set property query of #<IncomingMessage> which has only a getter | GET /tasks?page=1&limit=1
2026-05-11T06:52:21.150Z - jwt expired | GET /tasks?page=1&limit=500
2026-05-11T06:52:39.918Z - jwt expired | GET /tasks?page=1&limit=500
2026-05-11T06:53:04.547Z - jwt expired | GET /tasks?page=1&limit=500
2026-05-11T06:53:06.112Z - jwt expired | GET /tasks?page=1&limit=500
2026-05-11T06:53:08.511Z - jwt expired | GET /tasks?page=1&limit=500
2026-05-11T06:53:52.859Z - User logged in: ID=2, Email=anik@gmail.com
2026-05-11T06:55:44.673Z - Forbidden: Not your task | DELETE /tasks/4
2026-05-11T06:56:24.711Z - User logged in: ID=1, Email=shoab542@gmail.com
2026-05-11T06:58:15.574Z - User logged in: ID=1, Email=shoab542@gmail.com
2026-05-11T06:59:22.488Z - User logged in: ID=2, Email=anik@gmail.com
2026-05-11T07:00:29.871Z - User logged in: ID=1, Email=shoab542@gmail.com
2026-05-11T07:03:08.049Z - User logged in: ID=2, Email=anik@gmail.com
2026-05-11T07:03:48.829Z - Forbidden: Not your task | DELETE /tasks/4
2026-05-11T07:03:59.713Z - Forbidden: Not your task | DELETE /tasks/38
2026-05-11T07:04:01.308Z - Forbidden: Not your task | DELETE /tasks/38
2026-05-11T07:04:10.230Z - Forbidden: Not your task | DELETE /tasks/37
